Arguments: 
  C:\tools\nodejs\node.exe C:\Users\user\AppData\Roaming\npm\node_modules\yarn\bin\yarn.js init

PATH: 
  D:\source\cudnn-10.1-windows10-x64-v7.6.5.32\cuda\bin;C:\Program Files\NVIDIA GPU Computing Toolkit\CUDA\v10.1\bin;C:\Program Files\NVIDIA GPU Computing Toolkit\CUDA\v10.1\include;C:\Program Files\NVIDIA GPU Computing Toolkit\CUDA\v10.1\libnvvp;C:\Program Files\NVIDIA GPU Computing Toolkit\CUDA\v10.1\extras\CUPTI\lib64;D:\source\cudnn-10.2-windows10-x64-v7.6.5.32.zip\cuda\bin;C:\tools\activetcl\bin;C:\Program Files (x86)\IntelSWTools\OpenCL\sdk\bin\x64;C:\Program Files (x86)\IntelSWTools\OpenCL\sdk\bin\x86;C:\Program Files (x86)\IntelSWTools\OpenCL\sdk\bin\Pin;C:\Program Files (x86)\IntelSWTools\OpenCL\sdk\bin\GTPin;D:\tools\jdk-11.0.4.11-hotspot\bin;C:\Program Files\Microsoft MPI\Bin\;C:\ProgramData\Oracle\Java\javapath;C:\Program Files (x86)\Intel\iCLS Client\;C:\Program Files\Intel\iCLS Client\;C:\Windows\system32;C:\Windows;C:\Windows\System32\Wbem;C:\Windows\System32\WindowsPowerShell\v1.0\;C:\Program Files (x86)\Intel\Intel(R) Management Engine Components\IPT;C:\Program Files\Intel\Intel(R) Management Engine Components\IPT;C:\Program Files (x86)\NVIDIA Corporation\PhysX\Common;C:\Program Files\Microsoft DNX\Dnvm\;C:\Program Files\Microsoft SQL Server\130\Tools\Binn\;C:\WINDOWS\system32;C:\WINDOWS;C:\WINDOWS\System32\Wbem;C:\WINDOWS\System32\WindowsPowerShell\v1.0\;C:\utils\PuTTY\;C:\programs\jEdit;C:\tools\nodejstools\Yarn\bin;D:\tools\xampp\php;C:\WINDOWS\System32\OpenSSH\;C:\Program Files\dotnet\;C:\utils\vscode\bin;C:\Program Files\NVIDIA Corporation\NVIDIA NvDLISR;C:\tools\LLVM\bin\;C:\tools\Miniconda3_7;C:\tools\Miniconda3_7\Scripts;C:\tools\Miniconda3_7\Library\bin;C:\tools\CMake\bin;C:\tools\TDM-GCC-64\bin;C:\tools\mingw\bin;D:\tools\nuget;C:\Program Files (x86)\Microsoft Visual Studio 14.0\VC\bin;C:\Program Files\NVIDIA Corporation\Nsight Compute 2019.4.0\;D:\Program Files\PostgreSQL\11\bin;C:\WINDOWS\system32;C:\WINDOWS;C:\WINDOWS\System32\Wbem;C:\WINDOWS\System32\WindowsPowerShell\v1.0\;C:\WINDOWS\System32\OpenSSH\;C:\tools\Go\bin;C:\Program Files\Docker\Docker\resources\bin;C:\ProgramData\DockerDesktop\version-bin;C:\programs\Git\cmd;C:\Program Files\GTK2-Runtime Win64\bin;C:\tools\nodejs\;C:\Users\user\.cargo\bin;C:\Users\user\AppData\Local\Microsoft\WindowsApps;C:\tools\CMake\bin;D:\source\opencv_3_2\build\x86\vc10\bin;C:\Users\user\AppData\Local\Yarn\bin;C:\utils\vscode\bin;C:\utils\Nmap;C:\Users\user\AppData\Local\Programs\Microsoft VS Code\bin;C:\tools\flutter\bin;D:\tools\jdk-11.0.4.11-hotspot\bin;D:\tools\chocoportable\bin;C:\Program Files\NVIDIA GPU Computing Toolkit\CUDA\v10.2\bin;D:\tools\Graphviz\bin;C:\Users\user\go\bin;C:\Program Files (x86)\GTK2-Runtime\bin;C:\Users\user\AppData\Roaming\npm

Yarn version: 
  1.22.10

Node version: 
  14.15.3

Platform: 
  win32 x64

Trace: 
  Error: canceled
      at Interface.<anonymous> (C:\Users\user\AppData\Roaming\npm\node_modules\yarn\lib\cli.js:136216:13)
      at Interface.emit (events.js:315:20)
      at Interface._ttyWrite (readline.js:875:16)
      at ReadStream.onkeypress (readline.js:213:10)
      at ReadStream.emit (events.js:315:20)
      at emitKeys (internal/readline/utils.js:345:14)
      at emitKeys.next (<anonymous>)
      at ReadStream.onData (readline.js:1144:36)
      at ReadStream.emit (events.js:315:20)
      at addChunk (internal/streams/readable.js:309:12)

npm manifest: 
  No manifest

yarn manifest: 
  No manifest

Lockfile: 
  No lockfile
